This is pdfTeX, Version 3.14159265-2.6-1.40.16 (TeX Live 2015/Debian) (preloaded format=pdflatex 2018.10.13)  18 APR 2019 23:45
entering extended mode
 restricted \write18 enabled.
 %&-line parsing enabled.
**article.tex
(./article.tex
LaTeX2e <2016/02/01>
Babel <3.9q> and hyphenation patterns for 81 language(s) loaded.
(/usr/share/texlive/texmf-dist/tex/latex/base/article.cls
Document Class: article 2014/09/29 v1.4h Standard LaTeX document class
(/usr/share/texlive/texmf-dist/tex/latex/base/size12.clo
File: size12.clo 2014/09/29 v1.4h Standard LaTeX file (size option)
)
\c@part=\count79
\c@section=\count80
\c@subsection=\count81
\c@subsubsection=\count82
\c@paragraph=\count83
\c@subparagraph=\count84
\c@figure=\count85
\c@table=\count86
\abovecaptionskip=\skip41
\belowcaptionskip=\skip42
\bibindent=\dimen102
)
(/usr/share/texlive/texmf-dist/tex/latex/base/inputenc.sty
Package: inputenc 2015/03/17 v1.2c Input encoding file
\inpenc@prehook=\toks14
\inpenc@posthook=\toks15

(/usr/share/texlive/texmf-dist/tex/latex/cyrillic/cp1251.def
File: cp1251.def 2014/10/28 v1.0d Input encoding file
))
(/usr/share/texlive/texmf-dist/tex/latex/base/fontenc.sty
Package: fontenc 2005/09/27 v1.99g Standard LaTeX package

(/usr/share/texlive/texmf-dist/tex/latex/cyrillic/t2aenc.def
File: t2aenc.def 2005/09/27 v1.0i Cyrillic encoding definition file
)
LaTeX Font Info:    Try loading font information for T2A+cmr on input line 105.


(/usr/share/texlive/texmf-dist/tex/latex/cyrillic/t2acmr.fd
File: t2acmr.fd 2001/08/11 v1.0a Computer Modern Cyrillic font definitions
))
(/usr/share/texlive/texmf-dist/tex/latex/amsfonts/amssymb.sty
Package: amssymb 2013/01/14 v3.01 AMS font symbols

(/usr/share/texlive/texmf-dist/tex/latex/amsfonts/amsfonts.sty
Package: amsfonts 2013/01/14 v3.01 Basic AMSFonts support
\@emptytoks=\toks16
\symAMSa=\mathgroup4
\symAMSb=\mathgroup5
LaTeX Font Info:    Overwriting math alphabet `\mathfrak' in version `bold'
(Font)                  U/euf/m/n --> U/euf/b/n on input line 106.
))
(/usr/share/texlive/texmf-dist/tex/latex/amsmath/amsmath.sty
Package: amsmath 2016/03/03 v2.15a AMS math features
\@mathmargin=\skip43

For additional information on amsmath, use the `?' option.
(/usr/share/texlive/texmf-dist/tex/latex/amsmath/amstext.sty
Package: amstext 2000/06/29 v2.01 AMS text

(/usr/share/texlive/texmf-dist/tex/latex/amsmath/amsgen.sty
File: amsgen.sty 1999/11/30 v2.0 generic functions
\@emptytoks=\toks17
\ex@=\dimen103
))
(/usr/share/texlive/texmf-dist/tex/latex/amsmath/amsbsy.sty
Package: amsbsy 1999/11/29 v1.2d Bold Symbols
\pmbraise@=\dimen104
)
(/usr/share/texlive/texmf-dist/tex/latex/amsmath/amsopn.sty
Package: amsopn 1999/12/14 v2.01 operator names
)
\inf@bad=\count87
LaTeX Info: Redefining \frac on input line 199.
\uproot@=\count88
\leftroot@=\count89
LaTeX Info: Redefining \overline on input line 297.
\classnum@=\count90
\DOTSCASE@=\count91
LaTeX Info: Redefining \ldots on input line 394.
LaTeX Info: Redefining \dots on input line 397.
LaTeX Info: Redefining \cdots on input line 518.
\Mathstrutbox@=\box26
\strutbox@=\box27
\big@size=\dimen105
LaTeX Font Info:    Redeclaring font encoding OML on input line 630.
LaTeX Font Info:    Redeclaring font encoding OMS on input line 631.
\macc@depth=\count92
\c@MaxMatrixCols=\count93
\dotsspace@=\muskip10
\c@parentequation=\count94
\dspbrk@lvl=\count95
\tag@help=\toks18
\row@=\count96
\column@=\count97
\maxfields@=\count98
\andhelp@=\toks19
\eqnshift@=\dimen106
\alignsep@=\dimen107
\tagshift@=\dimen108
\tagwidth@=\dimen109
\totwidth@=\dimen110
\lineht@=\dimen111
\@envbody=\toks20
\multlinegap=\skip44
\multlinetaggap=\skip45
\mathdisplay@stack=\toks21
LaTeX Info: Redefining \[ on input line 2735.
LaTeX Info: Redefining \] on input line 2736.
)
(/usr/share/texlive/texmf-dist/tex/latex/jknapltx/mathrsfs.sty
Package: mathrsfs 1996/01/01 Math RSFS package v1.0 (jk)
\symrsfs=\mathgroup6
)
(/usr/share/texlive/texmf-dist/tex/latex/amscls/amsthm.sty
Package: amsthm 2015/03/04 v2.20.2
\thm@style=\toks22
\thm@bodyfont=\toks23
\thm@headfont=\toks24
\thm@notefont=\toks25
\thm@headpunct=\toks26
\thm@preskip=\skip46
\thm@postskip=\skip47
\thm@headsep=\skip48
\dth@everypar=\toks27
)
(/usr/share/texlive/texmf-dist/tex/latex/tools/bm.sty
Package: bm 2014/10/28 v1.1c Bold Symbol Support (DPC/FMi)
\symboldoperators=\mathgroup7
\symboldletters=\mathgroup8
\symboldsymbols=\mathgroup9
LaTeX Font Info:    Redeclaring math alphabet \mathbf on input line 141.
LaTeX Info: Redefining \bm on input line 207.
)
(/usr/share/texlive/texmf-dist/tex/latex/doublestroke/dsfont.sty
Package: dsfont 1995/08/01 v0.1 Double stroke roman fonts
)
(/usr/share/texlive/texmf-dist/tex/generic/babel/babel.sty
Package: babel 2016/02/24 3.9q The Babel package

(/usr/share/texlive/texmf-dist/tex/generic/babel-russian/russianb.ldf
Language: russianb 2016/02/18 1.3h Russian support for the Babel system

(/usr/share/texlive/texmf-dist/tex/generic/babel/babel.def
File: babel.def 2016/02/24 3.9q Babel common definitions
\babel@savecnt=\count99
\U@D=\dimen112
)
Package babel Info: Making " an active character on input line 111.
))
(/usr/share/texlive/texmf-dist/tex/latex/graphics/graphicx.sty
Package: graphicx 2014/10/28 v1.0g Enhanced LaTeX Graphics (DPC,SPQR)

(/usr/share/texlive/texmf-dist/tex/latex/graphics/keyval.sty
Package: keyval 2014/10/28 v1.15 key=value parser (DPC)
\KV@toks@=\toks28
)
(/usr/share/texlive/texmf-dist/tex/latex/graphics/graphics.sty
Package: graphics 2016/01/03 v1.0q Standard LaTeX Graphics (DPC,SPQR)

(/usr/share/texlive/texmf-dist/tex/latex/graphics/trig.sty
Package: trig 2016/01/03 v1.10 sin cos tan (DPC)
)
(/usr/share/texlive/texmf-dist/tex/latex/latexconfig/graphics.cfg
File: graphics.cfg 2010/04/23 v1.9 graphics configuration of TeX Live
)
Package graphics Info: Driver file: pdftex.def on input line 95.

(/usr/share/texlive/texmf-dist/tex/latex/pdftex-def/pdftex.def
File: pdftex.def 2011/05/27 v0.06d Graphics/color for pdfTeX

(/usr/share/texlive/texmf-dist/tex/generic/oberdiek/infwarerr.sty
Package: infwarerr 2010/04/08 v1.3 Providing info/warning/error messages (HO)
)
(/usr/share/texlive/texmf-dist/tex/generic/oberdiek/ltxcmds.sty
Package: ltxcmds 2011/11/09 v1.22 LaTeX kernel commands for general use (HO)
)
\Gread@gobject=\count100
))
\Gin@req@height=\dimen113
\Gin@req@width=\dimen114
)
(/usr/share/texlive/texmf-dist/tex/latex/caption/caption2.sty
Package: caption2 2015/09/15 v2.2-100 Customising captions (AR)


Package caption2 Warning: ****************************************************
(caption2)                THIS PACKAGE IS OBSOLETE:
(caption2)                This package attempts to provide an `caption2'
(caption2)                package v2.0/2.1 author environment so that OLD
(caption2)                documents can be successfully processed. It should
(caption2)                NOT be used for NEW documents! New documents should
(caption2)                use the regular `caption' package v3.x instead.
(caption2)                ****************************************************

(/usr/share/texlive/texmf-dist/tex/latex/caption/caption3.sty
Package: caption3 2016/02/04 v1.7-139 caption3 kernel (AR)
Package caption3 Info: TeX engine: e-TeX on input line 67.
\captionmargin=\dimen115
\captionmargin@=\dimen116
\captionwidth=\dimen117
\caption@tempdima=\dimen118
\caption@indent=\dimen119
\caption@parindent=\dimen120
\caption@hangindent=\dimen121
)
Package caption2 Info: Running in caption2 v2.0 compatibility mode on input lin
e 221.
\captionlinewidth=\dimen122
\realcaptionwidth=\dimen123
)
(/usr/share/texlive/texmf-dist/tex/latex/tools/indentfirst.sty
Package: indentfirst 1995/11/23 v1.03 Indent first paragraph (DPC)
)
(/usr/share/texlive/texmf-dist/tex/latex/cite/cite.sty
LaTeX Info: Redefining \cite on input line 302.
LaTeX Info: Redefining \nocite on input line 332.
Package: cite 2015/02/27  v 5.5
)
(/usr/share/texlive/texmf-dist/tex/latex/hyperref/hyperref.sty
Package: hyperref 2012/11/06 v6.83m Hypertext links for LaTeX

(/usr/share/texlive/texmf-dist/tex/generic/oberdiek/hobsub-hyperref.sty
Package: hobsub-hyperref 2012/05/28 v1.13 Bundle oberdiek, subset hyperref (HO)


(/usr/share/texlive/texmf-dist/tex/generic/oberdiek/hobsub-generic.sty
Package: hobsub-generic 2012/05/28 v1.13 Bundle oberdiek, subset generic (HO)
Package: hobsub 2012/05/28 v1.13 Construct package bundles (HO)
Package hobsub Info: Skipping package `infwarerr' (already loaded).
Package hobsub Info: Skipping package `ltxcmds' (already loaded).
Package: ifluatex 2010/03/01 v1.3 Provides the ifluatex switch (HO)
Package ifluatex Info: LuaTeX not detected.
Package: ifvtex 2010/03/01 v1.5 Detect VTeX and its facilities (HO)
Package ifvtex Info: VTeX not detected.
Package: intcalc 2007/09/27 v1.1 Expandable calculations with integers (HO)
Package: ifpdf 2011/01/30 v2.3 Provides the ifpdf switch (HO)
Package ifpdf Info: pdfTeX in PDF mode is detected.
Package: etexcmds 2011/02/16 v1.5 Avoid name clashes with e-TeX commands (HO)
Package etexcmds Info: Could not find \expanded.
(etexcmds)             That can mean that you are not using pdfTeX 1.50 or
(etexcmds)             that some package has redefined \expanded.
(etexcmds)             In the latter case, load this package earlier.
Package: kvsetkeys 2012/04/25 v1.16 Key value parser (HO)
Package: kvdefinekeys 2011/04/07 v1.3 Define keys (HO)
Package: pdftexcmds 2011/11/29 v0.20 Utility functions of pdfTeX for LuaTeX (HO
)
Package pdftexcmds Info: LuaTeX not detected.
Package pdftexcmds Info: \pdf@primitive is available.
Package pdftexcmds Info: \pdf@ifprimitive is available.
Package pdftexcmds Info: \pdfdraftmode found.
Package: pdfescape 2011/11/25 v1.13 Implements pdfTeX's escape features (HO)
Package: bigintcalc 2012/04/08 v1.3 Expandable calculations on big integers (HO
)
Package: bitset 2011/01/30 v1.1 Handle bit-vector datatype (HO)
Package: uniquecounter 2011/01/30 v1.2 Provide unlimited unique counter (HO)
)
Package hobsub Info: Skipping package `hobsub' (already loaded).
Package: letltxmacro 2010/09/02 v1.4 Let assignment for LaTeX macros (HO)
Package: hopatch 2012/05/28 v1.2 Wrapper for package hooks (HO)
Package: xcolor-patch 2011/01/30 xcolor patch
Package: atveryend 2011/06/30 v1.8 Hooks at the very end of document (HO)
Package atveryend Info: \enddocument detected (standard20110627).
Package: atbegshi 2011/10/05 v1.16 At begin shipout hook (HO)
Package: refcount 2011/10/16 v3.4 Data extraction from label references (HO)
Package: hycolor 2011/01/30 v1.7 Color options for hyperref/bookmark (HO)
)
(/usr/share/texlive/texmf-dist/tex/generic/ifxetex/ifxetex.sty
Package: ifxetex 2010/09/12 v0.6 Provides ifxetex conditional
)
(/usr/share/texlive/texmf-dist/tex/latex/oberdiek/auxhook.sty
Package: auxhook 2011/03/04 v1.3 Hooks for auxiliary files (HO)
)
(/usr/share/texlive/texmf-dist/tex/latex/oberdiek/kvoptions.sty
Package: kvoptions 2011/06/30 v3.11 Key value format for package options (HO)
)
\@linkdim=\dimen124
\Hy@linkcounter=\count101
\Hy@pagecounter=\count102

(/usr/share/texlive/texmf-dist/tex/latex/hyperref/pd1enc.def
File: pd1enc.def 2012/11/06 v6.83m Hyperref: PDFDocEncoding definition (HO)
)
\Hy@SavedSpaceFactor=\count103
Package hyperref Info: Option `unicode' set `true' on input line 3411.

(/usr/share/texlive/texmf-dist/tex/latex/hyperref/puenc.def
File: puenc.def 2012/11/06 v6.83m Hyperref: PDF Unicode definition (HO)
)
(/usr/share/texlive/texmf-dist/tex/latex/latexconfig/hyperref.cfg
File: hyperref.cfg 2002/06/06 v1.2 hyperref configuration of TeXLive
)
Package hyperref Info: Option `colorlinks' set `true' on input line 4319.
Package hyperref Info: Hyper figures OFF on input line 4443.
Package hyperref Info: Link nesting OFF on input line 4448.
Package hyperref Info: Hyper index ON on input line 4451.
Package hyperref Info: Plain pages OFF on input line 4458.
Package hyperref Info: Backreferencing OFF on input line 4463.
Package hyperref Info: Implicit mode ON; LaTeX internals redefined.
Package hyperref Info: Bookmarks ON on input line 4688.
\c@Hy@tempcnt=\count104

(/usr/share/texlive/texmf-dist/tex/latex/url/url.sty
\Urlmuskip=\muskip11
Package: url 2013/09/16  ver 3.4  Verb mode for urls, etc.
)
LaTeX Info: Redefining \url on input line 5041.
\XeTeXLinkMargin=\dimen125
\Fld@menulength=\count105
\Field@Width=\dimen126
\Fld@charsize=\dimen127
Package hyperref Info: Hyper figures OFF on input line 6295.
Package hyperref Info: Link nesting OFF on input line 6300.
Package hyperref Info: Hyper index ON on input line 6303.
Package hyperref Info: backreferencing OFF on input line 6310.
Package hyperref Info: Link coloring ON on input line 6313.
Package hyperref Info: Link coloring with OCG OFF on input line 6320.
Package hyperref Info: PDF/A mode OFF on input line 6325.
LaTeX Info: Redefining \ref on input line 6365.
LaTeX Info: Redefining \pageref on input line 6369.
\Hy@abspage=\count106
\c@Item=\count107
\c@Hfootnote=\count108
)

Package hyperref Message: Driver (autodetected): hpdftex.

(/usr/share/texlive/texmf-dist/tex/latex/hyperref/hpdftex.def
File: hpdftex.def 2012/11/06 v6.83m Hyperref driver for pdfTeX
\Fld@listcount=\count109
\c@bookmark@seq@number=\count110

(/usr/share/texlive/texmf-dist/tex/latex/oberdiek/rerunfilecheck.sty
Package: rerunfilecheck 2011/04/15 v1.7 Rerun checks for auxiliary files (HO)
Package uniquecounter Info: New unique counter `rerunfilecheck' on input line 2
82.
)
\Hy@SectionHShift=\skip49
)
(./article.aux)
\openout1 = `article.aux'.

LaTeX Font Info:    Checking defaults for OML/cmm/m/it on input line 31.
LaTeX Font Info:    ... okay on input line 31.
LaTeX Font Info:    Checking defaults for T1/cmr/m/n on input line 31.
LaTeX Font Info:    ... okay on input line 31.
LaTeX Font Info:    Checking defaults for OT1/cmr/m/n on input line 31.
LaTeX Font Info:    ... okay on input line 31.
LaTeX Font Info:    Checking defaults for OMS/cmsy/m/n on input line 31.
LaTeX Font Info:    ... okay on input line 31.
LaTeX Font Info:    Checking defaults for OMX/cmex/m/n on input line 31.
LaTeX Font Info:    ... okay on input line 31.
LaTeX Font Info:    Checking defaults for U/cmr/m/n on input line 31.
LaTeX Font Info:    ... okay on input line 31.
LaTeX Font Info:    Checking defaults for T2A/cmr/m/n on input line 31.
LaTeX Font Info:    ... okay on input line 31.
LaTeX Font Info:    Checking defaults for PD1/pdf/m/n on input line 31.
LaTeX Font Info:    ... okay on input line 31.
LaTeX Font Info:    Checking defaults for PU/pdf/m/n on input line 31.
LaTeX Font Info:    ... okay on input line 31.
 (/usr/share/texlive/texmf-dist/tex/context/base/supp-pdf.mkii
[Loading MPS to PDF converter (version 2006.09.02).]
\scratchcounter=\count111
\scratchdimen=\dimen128
\scratchbox=\box28
\nofMPsegments=\count112
\nofMParguments=\count113
\everyMPshowfont=\toks29
\MPscratchCnt=\count114
\MPscratchDim=\dimen129
\MPnumerator=\count115
\makeMPintoPDFobject=\count116
\everyMPtoPDFconversion=\toks30
) (/usr/share/texlive/texmf-dist/tex/latex/oberdiek/epstopdf-base.sty
Package: epstopdf-base 2010/02/09 v2.5 Base part for package epstopdf

(/usr/share/texlive/texmf-dist/tex/latex/oberdiek/grfext.sty
Package: grfext 2010/08/19 v1.1 Manage graphics extensions (HO)
)
Package grfext Info: Graphics extension search list:
(grfext)             [.png,.pdf,.jpg,.mps,.jpeg,.jbig2,.jb2,.PNG,.PDF,.JPG,.JPE
G,.JBIG2,.JB2,.eps]
(grfext)             \AppendGraphicsExtensions on input line 452.

(/usr/share/texlive/texmf-dist/tex/latex/latexconfig/epstopdf-sys.cfg
File: epstopdf-sys.cfg 2010/07/13 v1.3 Configuration of (r)epstopdf for TeX Liv
e
))
Package caption Info: Begin \AtBeginDocument code.
Package caption Info: End \AtBeginDocument code.
\AtBeginShipoutBox=\box29

(/usr/share/texlive/texmf-dist/tex/latex/graphics/color.sty
Package: color 2016/01/03 v1.1b Standard LaTeX Color (DPC)

(/usr/share/texlive/texmf-dist/tex/latex/latexconfig/color.cfg
File: color.cfg 2007/01/18 v1.5 color configuration of teTeX/TeXLive
)
Package color Info: Driver file: pdftex.def on input line 143.
)
Package hyperref Info: Link coloring ON on input line 31.

(/usr/share/texlive/texmf-dist/tex/latex/hyperref/nameref.sty
Package: nameref 2012/10/27 v2.43 Cross-referencing by name of section

(/usr/share/texlive/texmf-dist/tex/generic/oberdiek/gettitlestring.sty
Package: gettitlestring 2010/12/03 v1.4 Cleanup title references (HO)
)
\c@section@level=\count117
)
LaTeX Info: Redefining \ref on input line 31.
LaTeX Info: Redefining \pageref on input line 31.
LaTeX Info: Redefining \nameref on input line 31.

(./article.out) (./article.out)
\@outlinefile=\write3
\openout3 = `article.out'.



LaTeX Warning: File `msu.eps' not found on input line 38.

Package epstopdf Info: Source file: <msu.eps>
(epstopdf)             Output file: <msu-eps-converted-to.pdf>
(epstopdf)                    date: 2018-05-28 13:58:22
(epstopdf)                    size: 17827 bytes
(epstopdf)             Command: <repstopdf --outfile=msu-eps-converted-to.pdf m
su.eps>
(epstopdf)             \includegraphics on input line 38.
Package epstopdf Info: Output file is already uptodate.
<msu-eps-converted-to.pdf, id=63, 1188.44pt x 540.0175pt>
File: msu-eps-converted-to.pdf Graphic file (type pdf)

<use msu-eps-converted-to.pdf>
Package pdftex.def Info: msu-eps-converted-to.pdf used on input line 38.
(pdftex.def)             Requested size: 142.26378pt x 64.64273pt.
LaTeX Font Info:    Try loading font information for T2A+cmss on input line 49.


(/usr/share/texlive/texmf-dist/tex/latex/cyrillic/t2acmss.fd
File: t2acmss.fd 2001/08/11 v1.0a Computer Modern Cyrillic font definitions
)
LaTeX Font Info:    Try loading font information for U+msa on input line 57.

(/usr/share/texlive/texmf-dist/tex/latex/amsfonts/umsa.fd
File: umsa.fd 2013/01/14 v3.01 AMS symbols A
)
LaTeX Font Info:    Try loading font information for U+msb on input line 57.

(/usr/share/texlive/texmf-dist/tex/latex/amsfonts/umsb.fd
File: umsb.fd 2013/01/14 v3.01 AMS symbols B
)
LaTeX Font Info:    Try loading font information for U+rsfs on input line 57.

(/usr/share/texlive/texmf-dist/tex/latex/jknapltx/ursfs.fd
File: ursfs.fd 1998/03/24 rsfs font definition file (jk)
)
Package babel Info: Redefining russian shorthand "|
(babel)             in language  on input line 63.
Package babel Info: Redefining russian shorthand "~
(babel)             in language  on input line 63.
Package babel Info: Redefining russian shorthand "|
(babel)             in language  on input line 63.
Package babel Info: Redefining russian shorthand "~
(babel)             in language  on input line 63.
 [1

{/var/lib/texmf/fonts/map/pdftex/updmap/pdftex.map} <./msu-eps-converted-to.pdf
>] (./article.toc)
\tf@toc=\write4
\openout4 = `article.toc'.

Package babel Info: Redefining russian shorthand "|
(babel)             in language  on input line 70.
Package babel Info: Redefining russian shorthand "~
(babel)             in language  on input line 70.
Package babel Info: Redefining russian shorthand "|
(babel)             in language  on input line 70.
Package babel Info: Redefining russian shorthand "~
(babel)             in language  on input line 70.
pdfTeX warning (ext4): destination with the same identifier (name{page.1}) has 
been already used, duplicate ignored
<to be read again> 
                   \relax 
l.70 \newpage
              [1]
Package babel Info: Redefining russian shorthand "|
(babel)             in language  on input line 77.
Package babel Info: Redefining russian shorthand "~
(babel)             in language  on input line 77.
Package babel Info: Redefining russian shorthand "|
(babel)             in language  on input line 77.
Package babel Info: Redefining russian shorthand "~
(babel)             in language  on input line 77.
 [2]
Package babel Info: Redefining russian shorthand "|
(babel)             in language  on input line 78.
Package babel Info: Redefining russian shorthand "~
(babel)             in language  on input line 78.
LaTeX Font Info:    Try loading font information for OMS+cmr on input line 82.
 (/usr/share/texlive/texmf-dist/tex/latex/base/omscmr.fd
File: omscmr.fd 2014/09/29 v2.5h Standard LaTeX font definitions
)
LaTeX Font Info:    Font shape `OMS/cmr/m/n' in size <12> not available
(Font)              Font shape `OMS/cmsy/m/n' tried instead on input line 82.
Package babel Info: Redefining russian shorthand "|
(babel)             in language  on input line 97.
Package babel Info: Redefining russian shorthand "~
(babel)             in language  on input line 97.
Package babel Info: Redefining russian shorthand "|
(babel)             in language  on input line 103.
Package babel Info: Redefining russian shorthand "~
(babel)             in language  on input line 103.
Package babel Info: Redefining russian shorthand "|
(babel)             in language  on input line 105.
Package babel Info: Redefining russian shorthand "~
(babel)             in language  on input line 105.
Package babel Info: Redefining russian shorthand "|
(babel)             in language  on input line 105.
Package babel Info: Redefining russian shorthand "~
(babel)             in language  on input line 105.

[3]
Package babel Info: Redefining russian shorthand "|
(babel)             in language  on input line 114.
Package babel Info: Redefining russian shorthand "~
(babel)             in language  on input line 114.
Package babel Info: Redefining russian shorthand "|
(babel)             in language  on input line 122.
Package babel Info: Redefining russian shorthand "~
(babel)             in language  on input line 122.
Package babel Info: Redefining russian shorthand "|
(babel)             in language  on input line 122.
Package babel Info: Redefining russian shorthand "~
(babel)             in language  on input line 122.
 [4]
Package babel Info: Redefining russian shorthand "|
(babel)             in language  on input line 122.
Package babel Info: Redefining russian shorthand "~
(babel)             in language  on input line 122.
Package babel Info: Redefining russian shorthand "|
(babel)             in language  on input line 135.
Package babel Info: Redefining russian shorthand "~
(babel)             in language  on input line 135.
Package babel Info: Redefining russian shorthand "|
(babel)             in language  on input line 140.
Package babel Info: Redefining russian shorthand "~
(babel)             in language  on input line 140.
Package babel Info: Redefining russian shorthand "|
(babel)             in language  on input line 140.
Package babel Info: Redefining russian shorthand "~
(babel)             in language  on input line 140.
 [5]
Package babel Info: Redefining russian shorthand "|
(babel)             in language  on input line 142.
Package babel Info: Redefining russian shorthand "~
(babel)             in language  on input line 142.
Package babel Info: Redefining russian shorthand "|
(babel)             in language  on input line 156.
Package babel Info: Redefining russian shorthand "~
(babel)             in language  on input line 156.
Package babel Info: Redefining russian shorthand "|
(babel)             in language  on input line 156.
Package babel Info: Redefining russian shorthand "~
(babel)             in language  on input line 156.
 [6]
Package babel Info: Redefining russian shorthand "|
(babel)             in language  on input line 179.
Package babel Info: Redefining russian shorthand "~
(babel)             in language  on input line 179.
Package babel Info: Redefining russian shorthand "|
(babel)             in language  on input line 182.
Package babel Info: Redefining russian shorthand "~
(babel)             in language  on input line 182.
Package babel Info: Redefining russian shorthand "|
(babel)             in language  on input line 182.
Package babel Info: Redefining russian shorthand "~
(babel)             in language  on input line 182.
 [7]
Package babel Info: Redefining russian shorthand "|
(babel)             in language  on input line 198.
Package babel Info: Redefining russian shorthand "~
(babel)             in language  on input line 198.
Package babel Info: Redefining russian shorthand "|
(babel)             in language  on input line 198.
Package babel Info: Redefining russian shorthand "~
(babel)             in language  on input line 198.
 [8]
Package babel Info: Redefining russian shorthand "|
(babel)             in language  on input line 209.
Package babel Info: Redefining russian shorthand "~
(babel)             in language  on input line 209.
Package babel Info: Redefining russian shorthand "|
(babel)             in language  on input line 213.
Package babel Info: Redefining russian shorthand "~
(babel)             in language  on input line 213.
Package babel Info: Redefining russian shorthand "|
(babel)             in language  on input line 213.
Package babel Info: Redefining russian shorthand "~
(babel)             in language  on input line 213.
 [9]
Package babel Info: Redefining russian shorthand "|
(babel)             in language  on input line 226.
Package babel Info: Redefining russian shorthand "~
(babel)             in language  on input line 226.
Package babel Info: Redefining russian shorthand "|
(babel)             in language  on input line 226.
Package babel Info: Redefining russian shorthand "~
(babel)             in language  on input line 226.
 [10]
Package babel Info: Redefining russian shorthand "|
(babel)             in language  on input line 228.
Package babel Info: Redefining russian shorthand "~
(babel)             in language  on input line 228.

<images/one_rel_s_sources_pic.pdf, id=182, 861.61902pt x 567.11874pt>
File: images/one_rel_s_sources_pic.pdf Graphic file (type pdf)

<use images/one_rel_s_sources_pic.pdf>
Package pdftex.def Info: images/one_rel_s_sources_pic.pdf used on input line 23
4.
(pdftex.def)             Requested size: 430.80846pt x 283.55867pt.
Package babel Info: Redefining russian shorthand "|
(babel)             in language  on input line 244.
Package babel Info: Redefining russian shorthand "~
(babel)             in language  on input line 244.
Package babel Info: Redefining russian shorthand "|
(babel)             in language  on input line 244.
Package babel Info: Redefining russian shorthand "~
(babel)             in language  on input line 244.
 [11 <./images/one_rel_s_sources_pic.pdf>] <images/one_rel_s_res_pic.pdf, id=21
7, 390.73793pt x 266.68005pt>
File: images/one_rel_s_res_pic.pdf Graphic file (type pdf)

<use images/one_rel_s_res_pic.pdf>
Package pdftex.def Info: images/one_rel_s_res_pic.pdf used on input line 251.
(pdftex.def)             Requested size: 234.44456pt x 160.00926pt.

<images/one_rel_s_exp3_arms_pic.pdf, id=218, 393.9217pt x 266.68005pt>
File: images/one_rel_s_exp3_arms_pic.pdf Graphic file (type pdf)

<use images/one_rel_s_exp3_arms_pic.pdf>
Package pdftex.def Info: images/one_rel_s_exp3_arms_pic.pdf used on input line 
263.
(pdftex.def)             Requested size: 236.35484pt x 160.00926pt.

<images/one_rel_s_exp3_IX_arms_pic.pdf, id=219, 393.9217pt x 266.68005pt>
File: images/one_rel_s_exp3_IX_arms_pic.pdf Graphic file (type pdf)

<use images/one_rel_s_exp3_IX_arms_pic.pdf>
Package pdftex.def Info: images/one_rel_s_exp3_IX_arms_pic.pdf used on input li
ne 263.
(pdftex.def)             Requested size: 236.35484pt x 160.00926pt.

Overfull \hbox (41.4656pt too wide) in paragraph at lines 261--266
 [] 
 []

Package babel Info: Redefining russian shorthand "|
(babel)             in language  on input line 272.
Package babel Info: Redefining russian shorthand "~
(babel)             in language  on input line 272.
<images/two_rel_s_sources_pic.pdf, id=220, 861.61902pt x 567.11874pt>
File: images/two_rel_s_sources_pic.pdf Graphic file (type pdf)

<use images/two_rel_s_sources_pic.pdf>
Package pdftex.def Info: images/two_rel_s_sources_pic.pdf used on input line 27
8.
(pdftex.def)             Requested size: 430.80846pt x 283.55867pt.
Package babel Info: Redefining russian shorthand "|
(babel)             in language  on input line 281.
Package babel Info: Redefining russian shorthand "~
(babel)             in language  on input line 281.
Package babel Info: Redefining russian shorthand "|
(babel)             in language  on input line 281.
Package babel Info: Redefining russian shorthand "~
(babel)             in language  on input line 281.
 [12 <./images/one_rel_s_res_pic.pdf> <./images/one_rel_s_exp3_arms_pic.pdf

pdfTeX warning: pdflatex (file ./images/one_rel_s_exp3_arms_pic.pdf): PDF inclu
sion: multiple pdfs with page group included in a single page
> <./images/one_rel_s_exp3_IX_arms_pic.pdf

pdfTeX warning: pdflatex (file ./images/one_rel_s_exp3_IX_arms_pic.pdf): PDF in
clusion: multiple pdfs with page group included in a single page
>] <images/two_rel_s_res_pic.pdf, id=318, 390.73793pt x 266.68005pt>
File: images/two_rel_s_res_pic.pdf Graphic file (type pdf)

<use images/two_rel_s_res_pic.pdf>
Package pdftex.def Info: images/two_rel_s_res_pic.pdf used on input line 285.
(pdftex.def)             Requested size: 234.44456pt x 160.00926pt.

<images/two_rel_s_exp3_arms_pic.pdf, id=319, 393.9217pt x 266.68005pt>
File: images/two_rel_s_exp3_arms_pic.pdf Graphic file (type pdf)

<use images/two_rel_s_exp3_arms_pic.pdf>
Package pdftex.def Info: images/two_rel_s_exp3_arms_pic.pdf used on input line 
296.
(pdftex.def)             Requested size: 236.35484pt x 160.00926pt.

<images/two_rel_s_exp3_IX_arms_pic.pdf, id=320, 393.9217pt x 266.68005pt>
File: images/two_rel_s_exp3_IX_arms_pic.pdf Graphic file (type pdf)

<use images/two_rel_s_exp3_IX_arms_pic.pdf>
Package pdftex.def Info: images/two_rel_s_exp3_IX_arms_pic.pdf used on input li
ne 296.
(pdftex.def)             Requested size: 236.35484pt x 160.00926pt.

Overfull \hbox (41.4656pt too wide) in paragraph at lines 294--298
 [] 
 []

Package babel Info: Redefining russian shorthand "|
(babel)             in language  on input line 300.
Package babel Info: Redefining russian shorthand "~
(babel)             in language  on input line 300.
Package babel Info: Redefining russian shorthand "|
(babel)             in language  on input line 300.
Package babel Info: Redefining russian shorthand "~
(babel)             in language  on input line 300.
[13 <./images/two_rel_s_sources_pic.pdf> <./images/two_rel_s_res_pic.pdf

pdfTeX warning: pdflatex (file ./images/two_rel_s_res_pic.pdf): PDF inclusion: 
multiple pdfs with page group included in a single page
>]
Package babel Info: Redefining russian shorthand "|
(babel)             in language  on input line 304.
Package babel Info: Redefining russian shorthand "~
(babel)             in language  on input line 304.
Package babel Info: Redefining russian shorthand "|
(babel)             in language  on input line 304.
Package babel Info: Redefining russian shorthand "~
(babel)             in language  on input line 304.
 [14 <./images/two_rel_s_exp3_arms_pic.pdf> <./images/two_rel_s_exp3_IX_arms_pi
c.pdf

pdfTeX warning: pdflatex (file ./images/two_rel_s_exp3_IX_arms_pic.pdf): PDF in
clusion: multiple pdfs with page group included in a single page
>]
Package babel Info: Redefining russian shorthand "|
(babel)             in language  on input line 306.
Package babel Info: Redefining russian shorthand "~
(babel)             in language  on input line 306.
 <images/no_rel_s_sources_pic.pdf, id=448, 861.61902pt x 567.11874pt>
File: images/no_rel_s_sources_pic.pdf Graphic file (type pdf)

<use images/no_rel_s_sources_pic.pdf>
Package pdftex.def Info: images/no_rel_s_sources_pic.pdf used on input line 312
.
(pdftex.def)             Requested size: 430.80846pt x 283.55867pt.

<images/no_rel_s_res_pic.pdf, id=449, 390.73793pt x 266.68005pt>
File: images/no_rel_s_res_pic.pdf Graphic file (type pdf)

<use images/no_rel_s_res_pic.pdf>
Package pdftex.def Info: images/no_rel_s_res_pic.pdf used on input line 319.
(pdftex.def)             Requested size: 234.44456pt x 160.00926pt.
Package babel Info: Redefining russian shorthand "|
(babel)             in language  on input line 325.
Package babel Info: Redefining russian shorthand "~
(babel)             in language  on input line 325.
Package babel Info: Redefining russian shorthand "|
(babel)             in language  on input line 325.
Package babel Info: Redefining russian shorthand "~
(babel)             in language  on input line 325.
 [15 <./images/no_rel_s_sources_pic.pdf> <./images/no_rel_s_res_pic.pdf

pdfTeX warning: pdflatex (file ./images/no_rel_s_res_pic.pdf): PDF inclusion: m
ultiple pdfs with page group included in a single page
>] <images/no_rel_s_exp3_arms_pic.pdf, id=526, 393.9217pt x 266.68005pt>
File: images/no_rel_s_exp3_arms_pic.pdf Graphic file (type pdf)

<use images/no_rel_s_exp3_arms_pic.pdf>
Package pdftex.def Info: images/no_rel_s_exp3_arms_pic.pdf used on input line 3
30.
(pdftex.def)             Requested size: 236.35484pt x 160.00926pt.

<images/no_rel_s_exp3_IX_arms_pic.pdf, id=527, 393.9217pt x 266.68005pt>
File: images/no_rel_s_exp3_IX_arms_pic.pdf Graphic file (type pdf)

<use images/no_rel_s_exp3_IX_arms_pic.pdf>
Package pdftex.def Info: images/no_rel_s_exp3_IX_arms_pic.pdf used on input lin
e 330.
(pdftex.def)             Requested size: 236.35484pt x 160.00926pt.

Overfull \hbox (41.4656pt too wide) in paragraph at lines 328--332
 [] 
 []

Package babel Info: Redefining russian shorthand "|
(babel)             in language  on input line 338.
Package babel Info: Redefining russian shorthand "~
(babel)             in language  on input line 338.
Package babel Info: Redefining russian shorthand "|
(babel)             in language  on input line 347.
Package babel Info: Redefining russian shorthand "~
(babel)             in language  on input line 347.
Package babel Info: Redefining russian shorthand "|
(babel)             in language  on input line 347.
Package babel Info: Redefining russian shorthand "~
(babel)             in language  on input line 347.
[16 <./images/no_rel_s_exp3_arms_pic.pdf> <./images/no_rel_s_exp3_IX_arms_pic.p
df

pdfTeX warning: pdflatex (file ./images/no_rel_s_exp3_IX_arms_pic.pdf): PDF inc
lusion: multiple pdfs with page group included in a single page
>]
Package babel Info: Redefining russian shorthand "|
(babel)             in language  on input line 356.
Package babel Info: Redefining russian shorthand "~
(babel)             in language  on input line 356.
Package babel Info: Redefining russian shorthand "|
(babel)             in language  on input line 367.
Package babel Info: Redefining russian shorthand "~
(babel)             in language  on input line 367.
Package babel Info: Redefining russian shorthand "|
(babel)             in language  on input line 367.
Package babel Info: Redefining russian shorthand "~
(babel)             in language  on input line 367.
 [17]
Package babel Info: Redefining russian shorthand "|
(babel)             in language  on input line 370.
Package babel Info: Redefining russian shorthand "~
(babel)             in language  on input line 370.
 (./article.bbl
Package babel Info: Redefining russian shorthand "|
(babel)             in language  on input line 67.
Package babel Info: Redefining russian shorthand "~
(babel)             in language  on input line 67.
Package babel Info: Redefining russian shorthand "|
(babel)             in language  on input line 67.
Package babel Info: Redefining russian shorthand "~
(babel)             in language  on input line 67.
 [18]
Underfull \hbox (badness 10000) in paragraph at lines 69--72
[]\T2A/cmr/m/it/12 Ronald J. Williams.\T2A/cmr/m/n/12 , Simple statistical grad
ient-following algorithms for
 []


Overfull \hbox (51.71292pt too wide) in paragraph at lines 75--77
[]\T2A/cmr/m/n/12 Code and experiments. ^^V  [][]\T2A/cmr/bx/n/12 https://githu
b.com/doorinthewall/diary_of_science_work[][]\T2A/cmr/m/n/12 ,
 []

)
Package atveryend Info: Empty hook `BeforeClearDocument' on input line 379.
Package babel Info: Redefining russian shorthand "|
(babel)             in language  on input line 379.
Package babel Info: Redefining russian shorthand "~
(babel)             in language  on input line 379.
Package babel Info: Redefining russian shorthand "|
(babel)             in language  on input line 379.
Package babel Info: Redefining russian shorthand "~
(babel)             in language  on input line 379.
 [19]
Package atveryend Info: Empty hook `AfterLastShipout' on input line 379.
 (./article.aux)
Package atveryend Info: Executing hook `AtVeryEndDocument' on input line 379.
Package atveryend Info: Executing hook `AtEndAfterFileList' on input line 379.
Package rerunfilecheck Info: File `article.out' has not changed.
(rerunfilecheck)             Checksum: 86E154B62BF214FD4A11B0B67FED448F;3779.
Package atveryend Info: Empty hook `AtVeryVeryEnd' on input line 379.
 ) 
Here is how much of TeX's memory you used:
 11253 strings out of 493029
 158647 string characters out of 6136233
 231995 words of memory out of 5000000
 14569 multiletter control sequences out of 15000+600000
 22190 words of font info for 57 fonts, out of 8000000 for 9000
 1141 hyphenation exceptions out of 8191
 36i,13n,38p,1526b,468s stack positions out of 5000i,500n,10000p,200000b,80000s
{/usr/share/texmf/fonts/enc/dvips/cm-super/cm-super-t2a.enc}</usr/share/texli
ve/texmf-dist/fonts/type1/public/amsfonts/cm/cmbx12.pfb></usr/share/texlive/tex
mf-dist/fonts/type1/public/amsfonts/cm/cmex10.pfb></usr/share/texlive/texmf-dis
t/fonts/type1/public/amsfonts/cm/cmmi12.pfb></usr/share/texlive/texmf-dist/font
s/type1/public/amsfonts/cm/cmmi6.pfb></usr/share/texlive/texmf-dist/fonts/type1
/public/amsfonts/cm/cmmi8.pfb></usr/share/texlive/texmf-dist/fonts/type1/public
/amsfonts/cm/cmmib10.pfb></usr/share/texlive/texmf-dist/fonts/type1/public/amsf
onts/cm/cmr12.pfb></usr/share/texlive/texmf-dist/fonts/type1/public/amsfonts/cm
/cmr6.pfb></usr/share/texlive/texmf-dist/fonts/type1/public/amsfonts/cm/cmr8.pf
b></usr/share/texlive/texmf-dist/fonts/type1/public/amsfonts/cm/cmsy10.pfb></us
r/share/texlive/texmf-dist/fonts/type1/public/amsfonts/cm/cmsy8.pfb></usr/share
/texlive/texmf-dist/fonts/type1/public/amsfonts/symbols/msbm10.pfb></usr/share/
texmf/fonts/type1/public/cm-super/sfbx1095.pfb></usr/share/texmf/fonts/type1/pu
blic/cm-super/sfbx1200.pfb></usr/share/texmf/fonts/type1/public/cm-super/sfbx14
40.pfb></usr/share/texmf/fonts/type1/public/cm-super/sfbx1728.pfb></usr/share/t
exmf/fonts/type1/public/cm-super/sfrm1000.pfb></usr/share/texmf/fonts/type1/pub
lic/cm-super/sfrm1095.pfb></usr/share/texmf/fonts/type1/public/cm-super/sfrm120
0.pfb></usr/share/texmf/fonts/type1/public/cm-super/sfsx1440.pfb></usr/share/te
xmf/fonts/type1/public/cm-super/sfti1200.pfb>
Output written on article.pdf (20 pages, 1374695 bytes).
PDF statistics:
 682 PDF objects out of 1000 (max. 8388607)
 338 compressed objects within 4 object streams
 58 named destinations out of 1000 (max. 500000)
 186 words of extra memory for PDF output out of 10000 (max. 10000000)

